<?xml version="1.0" encoding="UTF-8"?>
<TestRun id="b4f3a133-636b-4af9-8bde-f4d273e74e38" name="acer@ACER-PC 2013-12-10 08:50:40" runUser="acer-PC\acer" xmlns="http://microsoft.com/schemas/VisualStudio/TeamTest/2010">
  <TestSettings name="Local" id="baba0f7b-763e-42eb-bc0f-096feac42419">
    <Description>These are default test settings for a local test run.</Description>
    <Deployment userDeploymentRoot="C:\Users\acer\Documents\Visual Studio 2010\Projects\ARMED Project\RIACC\RIACC\TestResults" useDefaultDeploymentRoot="false" enabled="false" runDeploymentRoot="acer_ACER-PC 2013-12-10 08_50_40">
      <DeploymentItem filename="C:\Users\acer\Documents\Visual Studio 2010\Projects\ARMED Project\RIACC\RIACC\Business\bin\Debug\RIACC.Business.dll" />
      <DeploymentItem filename="C:\Users\acer\Documents\Visual Studio 2010\Projects\ARMED Project\RIACC\RIACC\Entity\bin\Debug\RIACC.Entity.dll" />
      <DeploymentItem filename="C:\Users\acer\Documents\Visual Studio 2010\Projects\ARMED Project\RIACC\RIACC\packages\EntityFramework.6.0.1\lib\net40\EntityFramework.dll" />
      <DeploymentItem filename="C:\Users\acer\Documents\Visual Studio 2010\Projects\ARMED Project\RIACC\RIACC\packages\EntityFramework.6.0.1\lib\net40\EntityFramework.SqlServer.dll" />
      <DeploymentItem filename="C:\Users\acer\Documents\Visual Studio 2010\Projects\ARMED Project\RIACC\RIACC\Data\bin\Debug\RIACC.Data.dll" />
    </Deployment>
    <Execution>
      <TestTypeSpecific>
        <UnitTestRunConfig testTypeId="13cdc9d9-ddb5-4fa4-a97d-d965ccfc6d4b">
          <AssemblyResolution>
            <TestDirectory useLoadContext="true" />
          </AssemblyResolution>
        </UnitTestRunConfig>
        <WebTestRunConfiguration testTypeId="4e7599fa-5ecb-43e9-a887-cd63cf72d207">
          <Browser name="Internet Explorer 7.0">
            <Headers>
              <Header name="User-Agent" value="Mozilla/4.0 (compatible; MSIE 7.0; Windows NT 5.1)" />
              <Header name="Accept" value="*/*" />
              <Header name="Accept-Language" value="{{$IEAcceptLanguage}}" />
              <Header name="Accept-Encoding" value="GZIP" />
            </Headers>
          </Browser>
        </WebTestRunConfiguration>
      </TestTypeSpecific>
      <AgentRule name="LocalMachineDefaultRole">
        <DataCollectors>
          <DataCollector uri="datacollector://microsoft/TestImpact/1.0" assemblyQualifiedName="Microsoft.VisualStudio.TraceCollector.TestImpactDataCollector, Microsoft.VisualStudio.TraceCollector, Version=10.0.0.0, Culture=neutral, PublicKeyToken=b03f5f7f11d50a3a" friendlyName="Test Impact">
          </DataCollector>
          <DataCollector uri="datacollector://microsoft/TraceDebugger/1.0" assemblyQualifiedName="Microsoft.VisualStudio.TraceCollector.TraceDebuggerDataCollector, Microsoft.VisualStudio.TraceCollector, Version=10.0.0.0, Culture=neutral, PublicKeyToken=b03f5f7f11d50a3a" friendlyName="IntelliTrace">
          </DataCollector>
        </DataCollectors>
      </AgentRule>
    </Execution>
  </TestSettings>
  <Times creation="2013-12-10T08:50:40.9891690+08:00" queuing="2013-12-10T08:50:41.8342174+08:00" start="2013-12-10T08:50:42.0712309+08:00" finish="2013-12-10T08:51:01.1343213+08:00" />
  <ResultSummary outcome="Error">
    <Counters total="1" executed="1" error="0" failed="1" timeout="0" aborted="0" inconclusive="0" passedButRunAborted="0" notRunnable="0" notExecuted="0" disconnected="0" warning="0" passed="0" completed="0" inProgress="0" pending="0" />
    <DataCollectorMessages>
      <DataCollectorMessage timestamp="2013-12-10T08:50:42.3242454+08:00" agentName="ACER-PC" level="Error">
        <Text>The diagnostic data adapter 'Microsoft.VisualStudio.TraceCollector.TestImpactDataCollector, Microsoft.VisualStudio.TraceCollector, Version=10.0.0.0, Culture=neutral, PublicKeyToken=b03f5f7f11d50a3a' on agent 'ACER-PC' threw an exception during type loading, construction, or initialization: System.IO.FileNotFoundException: Could not load file or assembly 'Microsoft.VisualStudio.TraceCollector, Version=10.0.0.0, Culture=neutral, PublicKeyToken=b03f5f7f11d50a3a' or one of its dependencies. The system cannot find the file specified.
File name: 'Microsoft.VisualStudio.TraceCollector, Version=10.0.0.0, Culture=neutral, PublicKeyToken=b03f5f7f11d50a3a'
   at System.RuntimeTypeHandle.GetTypeByName(String name, Boolean throwOnError, Boolean ignoreCase, Boolean reflectionOnly, StackCrawlMarkHandle stackMark, Boolean loadTypeFromPartialName, ObjectHandleOnStack type)
   at System.RuntimeTypeHandle.GetTypeByName(String name, Boolean throwOnError, Boolean ignoreCase, Boolean reflectionOnly, StackCrawlMark&amp; stackMark, Boolean loadTypeFromPartialName)
   at System.RuntimeType.GetType(String typeName, Boolean throwOnError, Boolean ignoreCase, Boolean reflectionOnly, StackCrawlMark&amp; stackMark)
   at System.Type.GetType(String typeName, Boolean throwOnError)
   at Microsoft.VisualStudio.TestTools.DataCollection.ExecutionPluginManager.GetCollectorType(String collectorTypeName, Exception&amp; loadException)

=== Pre-bind state information ===
LOG: User = acer-PC\acer
LOG: DisplayName = Microsoft.VisualStudio.TraceCollector, Version=10.0.0.0, Culture=neutral, PublicKeyToken=b03f5f7f11d50a3a
 (Fully-specified)
LOG: Appbase = file:///C:/Program Files (x86)/Microsoft Visual Studio 10.0/Common7/IDE/
LOG: Initial PrivatePath = NULL
Calling assembly : Microsoft.VisualStudio.QualityTools.ExecutionCommon, Version=10.0.0.0, Culture=neutral, PublicKeyToken=b03f5f7f11d50a3a.
===
LOG: This bind starts in default load context.
LOG: Using application configuration file: C:\Program Files (x86)\Microsoft Visual Studio 10.0\Common7\IDE\QTAgent32.exe.Config
LOG: Using host configuration file: 
LOG: Using machine configuration file from C:\Windows\Microsoft.NET\Framework\v4.0.30319\config\machine.config.
LOG: Post-policy reference: Microsoft.VisualStudio.TraceCollector, Version=10.0.0.0, Culture=neutral, PublicKeyToken=b03f5f7f11d50a3a
LOG: Attempting download of new URL file:///C:/Program Files (x86)/Microsoft Visual Studio 10.0/Common7/IDE/Microsoft.VisualStudio.TraceCollector.DLL.
LOG: Attempting download of new URL file:///C:/Program Files (x86)/Microsoft Visual Studio 10.0/Common7/IDE/Microsoft.VisualStudio.TraceCollector/Microsoft.VisualStudio.TraceCollector.DLL.
LOG: Attempting download of new URL file:///C:/Program Files (x86)/Microsoft Visual Studio 10.0/Common7/IDE/PrivateAssemblies/Microsoft.VisualStudio.TraceCollector.DLL.
LOG: Attempting download of new URL file:///C:/Program Files (x86)/Microsoft Visual Studio 10.0/Common7/IDE/PrivateAssemblies/Microsoft.VisualStudio.TraceCollector/Microsoft.VisualStudio.TraceCollector.DLL.
LOG: Attempting download of new URL file:///C:/Program Files (x86)/Microsoft Visual Studio 10.0/Common7/IDE/PublicAssemblies/Microsoft.VisualStudio.TraceCollector.DLL.
LOG: Attempting download of new URL file:///C:/Program Files (x86)/Microsoft Visual Studio 10.0/Common7/IDE/PublicAssemblies/Microsoft.VisualStudio.TraceCollector/Microsoft.VisualStudio.TraceCollector.DLL.
LOG: Attempting download of new URL file:///C:/Program Files (x86)/Microsoft Visual Studio 10.0/Common7/IDE/DataCollectors/Microsoft.VisualStudio.TraceCollector.DLL.
LOG: Attempting download of new URL file:///C:/Program Files (x86)/Microsoft Visual Studio 10.0/Common7/IDE/DataCollectors/Microsoft.VisualStudio.TraceCollector/Microsoft.VisualStudio.TraceCollector.DLL.
LOG: Attempting download of new URL file:///C:/Program Files (x86)/Microsoft Visual Studio 10.0/Common7/IDE/DataCollectors/x86/Microsoft.VisualStudio.TraceCollector.DLL.
LOG: Attempting download of new URL file:///C:/Program Files (x86)/Microsoft Visual Studio 10.0/Common7/IDE/DataCollectors/x86/Microsoft.VisualStudio.TraceCollector/Microsoft.VisualStudio.TraceCollector.DLL.
LOG: Attempting download of new URL file:///C:/Program Files (x86)/Microsoft Visual Studio 10.0/Common7/IDE/PrivateAssemblies/DataCollectors/Microsoft.VisualStudio.TraceCollector.DLL.
LOG: Attempting download of new URL file:///C:/Program Files (x86)/Microsoft Visual Studio 10.0/Common7/IDE/PrivateAssemblies/DataCollectors/Microsoft.VisualStudio.TraceCollector/Microsoft.VisualStudio.TraceCollector.DLL.
LOG: Attempting download of new URL file:///C:/Program Files (x86)/Microsoft Visual Studio 10.0/Common7/IDE/PrivateAssemblies/DataCollectors/x86/Microsoft.VisualStudio.TraceCollector.DLL.
LOG: Attempting download of new URL file:///C:/Program Files (x86)/Microsoft Visual Studio 10.0/Common7/IDE/PrivateAssemblies/DataCollectors/x86/Microsoft.VisualStudio.TraceCollector/Microsoft.VisualStudio.TraceCollector.DLL.
LOG: Attempting download of new URL file:///C:/Program Files (x86)/Microsoft Visual Studio 10.0/Common7/IDE/Microsoft.VisualStudio.TraceCollector.EXE.
LOG: Attempting download of new URL file:///C:/Program Files (x86)/Microsoft Visual Studio 10.0/Common7/IDE/Microsoft.VisualStudio.TraceCollector/Microsoft.VisualStudio.TraceCollector.EXE.
LOG: Attempting download of new URL file:///C:/Program Files (x86)/Microsoft Visual Studio 10.0/Common7/IDE/PrivateAssemblies/Microsoft.VisualStudio.TraceCollector.EXE.
LOG: Attempting download of new URL file:///C:/Program Files (x86)/Microsoft Visual Studio 10.0/Common7/IDE/PrivateAssemblies/Microsoft.VisualStudio.TraceCollector/Microsoft.VisualStudio.TraceCollector.EXE.
LOG: Attempting download of new URL file:///C:/Program Files (x86)/Microsoft Visual Studio 10.0/Common7/IDE/PublicAssemblies/Microsoft.VisualStudio.TraceCollector.EXE.
LOG: Attempting download of new URL file:///C:/Program Files (x86)/Microsoft Visual Studio 10.0/Common7/IDE/PublicAssemblies/Microsoft.VisualStudio.TraceCollector/Microsoft.VisualStudio.TraceCollector.EXE.
LOG: Attempting download of new URL file:///C:/Program Files (x86)/Microsoft Visual Studio 10.0/Common7/IDE/DataCollectors/Microsoft.VisualStudio.TraceCollector.EXE.
LOG: Attempting download of new URL file:///C:/Program Files (x86)/Microsoft Visual Studio 10.0/Common7/IDE/DataCollectors/Microsoft.VisualStudio.TraceCollector/Microsoft.VisualStudio.TraceCollector.EXE.
LOG: Attempting download of new URL file:///C:/Program Files (x86)/Microsoft Visual Studio 10.0/Common7/IDE/DataCollectors/x86/Microsoft.VisualStudio.TraceCollector.EXE.
LOG: Attempting download of new URL file:///C:/Program Files (x86)/Microsoft Visual Studio 10.0/Common7/IDE/DataCollectors/x86/Microsoft.VisualStudio.TraceCollector/Microsoft.VisualStudio.TraceCollector.EXE.
LOG: Attempting download of new URL file:///C:/Program Files (x86)/Microsoft Visual Studio 10.0/Common7/IDE/PrivateAssemblies/DataCollectors/Microsoft.VisualStudio.TraceCollector.EXE.
LOG: Attempting download of new URL file:///C:/Program Files (x86)/Microsoft Visual Studio 10.0/Common7/IDE/PrivateAssemblies/DataCollectors/Microsoft.VisualStudio.TraceCollector/Microsoft.VisualStudio.TraceCollector.EXE.
LOG: Attempting download of new URL file:///C:/Program Files (x86)/Microsoft Visual Studio 10.0/Common7/IDE/PrivateAssemblies/DataCollectors/x86/Microsoft.VisualStudio.TraceCollector.EXE.
LOG: Attempting download of new URL file:///C:/Program Files (x86)/Microsoft Visual Studio 10.0/Common7/IDE/PrivateAssemblies/DataCollectors/x86/Microsoft.VisualStudio.TraceCollector/Microsoft.VisualStudio.TraceCollector.EXE.
.</Text>
      </DataCollectorMessage>
      <DataCollectorMessage timestamp="2013-12-10T08:50:42.3332459+08:00" agentName="ACER-PC" level="Error">
        <Text>The diagnostic data adapter 'Microsoft.VisualStudio.TraceCollector.TraceDebuggerDataCollector, Microsoft.VisualStudio.TraceCollector, Version=10.0.0.0, Culture=neutral, PublicKeyToken=b03f5f7f11d50a3a' on agent 'ACER-PC' threw an exception during type loading, construction, or initialization: System.IO.FileNotFoundException: Could not load file or assembly 'Microsoft.VisualStudio.TraceCollector, Version=10.0.0.0, Culture=neutral, PublicKeyToken=b03f5f7f11d50a3a' or one of its dependencies. The system cannot find the file specified.
File name: 'Microsoft.VisualStudio.TraceCollector, Version=10.0.0.0, Culture=neutral, PublicKeyToken=b03f5f7f11d50a3a'
   at System.RuntimeTypeHandle.GetTypeByName(String name, Boolean throwOnError, Boolean ignoreCase, Boolean reflectionOnly, StackCrawlMarkHandle stackMark, Boolean loadTypeFromPartialName, ObjectHandleOnStack type)
   at System.RuntimeTypeHandle.GetTypeByName(String name, Boolean throwOnError, Boolean ignoreCase, Boolean reflectionOnly, StackCrawlMark&amp; stackMark, Boolean loadTypeFromPartialName)
   at System.RuntimeType.GetType(String typeName, Boolean throwOnError, Boolean ignoreCase, Boolean reflectionOnly, StackCrawlMark&amp; stackMark)
   at System.Type.GetType(String typeName, Boolean throwOnError)
   at Microsoft.VisualStudio.TestTools.DataCollection.ExecutionPluginManager.GetCollectorType(String collectorTypeName, Exception&amp; loadException)

=== Pre-bind state information ===
LOG: User = acer-PC\acer
LOG: DisplayName = Microsoft.VisualStudio.TraceCollector, Version=10.0.0.0, Culture=neutral, PublicKeyToken=b03f5f7f11d50a3a
 (Fully-specified)
LOG: Appbase = file:///C:/Program Files (x86)/Microsoft Visual Studio 10.0/Common7/IDE/
LOG: Initial PrivatePath = NULL
Calling assembly : Microsoft.VisualStudio.QualityTools.ExecutionCommon, Version=10.0.0.0, Culture=neutral, PublicKeyToken=b03f5f7f11d50a3a.
===
LOG: This bind starts in default load context.
LOG: Using application configuration file: C:\Program Files (x86)\Microsoft Visual Studio 10.0\Common7\IDE\QTAgent32.exe.Config
LOG: Using host configuration file: 
LOG: Using machine configuration file from C:\Windows\Microsoft.NET\Framework\v4.0.30319\config\machine.config.
LOG: Post-policy reference: Microsoft.VisualStudio.TraceCollector, Version=10.0.0.0, Culture=neutral, PublicKeyToken=b03f5f7f11d50a3a
LOG: The same bind was seen before, and was failed with hr = 0x80070002.
.</Text>
      </DataCollectorMessage>
    </DataCollectorMessages>
  </ResultSummary>
  <TestDefinitions>
    <UnitTest name="UpdateTest" storage="c:\users\acer\documents\visual studio 2010\projects\armed project\riacc\riacc\riacc_test\bin\debug\riacc_test.dll" id="0b8f1431-267f-5cbc-d3af-22715ac51772">
      <Execution id="d75090d0-108e-4333-b960-86a0775c0b69" />
      <TestMethod codeBase="C:/Users/acer/Documents/Visual Studio 2010/Projects/ARMED Project/RIACC/RIACC/RIACC_Test/bin/Debug/RIACC_Test.DLL" adapterTypeName="Microsoft.VisualStudio.TestTools.TestTypes.Unit.UnitTestAdapter, Microsoft.VisualStudio.QualityTools.Tips.UnitTest.Adapter, Version=10.0.0.0, Culture=neutral, PublicKeyToken=b03f5f7f11d50a3a" className="RIACC_Test.UnitRepositoryTest, RIACC_Test, Version=1.0.0.0, Culture=neutral, PublicKeyToken=null" name="UpdateTest" />
    </UnitTest>
  </TestDefinitions>
  <TestLists>
    <TestList name="Results Not in a List" id="8c84fa94-04c1-424b-9868-57a2d4851a1d" />
    <TestList name="All Loaded Results" id="19431567-8539-422a-85d7-44ee4e166bda" />
  </TestLists>
  <TestEntries>
    <TestEntry testId="0b8f1431-267f-5cbc-d3af-22715ac51772" executionId="d75090d0-108e-4333-b960-86a0775c0b69" testListId="8c84fa94-04c1-424b-9868-57a2d4851a1d" />
  </TestEntries>
  <Results>
    <UnitTestResult executionId="d75090d0-108e-4333-b960-86a0775c0b69" testId="0b8f1431-267f-5cbc-d3af-22715ac51772" testName="UpdateTest" computerName="ACER-PC" duration="00:00:17.6551437" startTime="2013-12-10T08:50:42.3522470+08:00" endTime="2013-12-10T08:51:01.0513165+08:00" testType="13cdc9d9-ddb5-4fa4-a97d-d965ccfc6d4b" outcome="Failed" testListId="8c84fa94-04c1-424b-9868-57a2d4851a1d" relativeResultsDirectory="d75090d0-108e-4333-b960-86a0775c0b69">
      <Output>
        <ErrorInfo>
          <Message>Test method RIACC_Test.UnitRepositoryTest.UpdateTest threw exception: 
System.NullReferenceException: Object reference not set to an instance of an object.</Message>
          <StackTrace>    at RIACC_Test.UnitRepositoryTest.UpdateTest() in C:\Users\acer\Documents\Visual Studio 2010\Projects\ARMED Project\RIACC\RIACC\RIACC_Test\UnitRepositoryTest.cs:line 142
</StackTrace>
        </ErrorInfo>
      </Output>
    </UnitTestResult>
  </Results>
</TestRun>