<?xml version="1.0" encoding="UTF-8"?>
<TestRun id="d051b088-92fc-4fb2-92f0-07180f677d8f" name="acer@ACER-PC 2013-12-11 08:45:33" runUser="acer-PC\acer" xmlns="http://microsoft.com/schemas/VisualStudio/TeamTest/2010">
  <TestSettings name="Local" id="baba0f7b-763e-42eb-bc0f-096feac42419">
    <Description>These are default test settings for a local test run.</Description>
    <Deployment userDeploymentRoot="C:\Users\acer\Documents\Visual Studio 2010\Projects\ARMED Project\RIACC\RIACC\TestResults" useDefaultDeploymentRoot="false" enabled="false" runDeploymentRoot="acer_ACER-PC 2013-12-11 08_45_33">
      <DeploymentItem filename="C:\Users\acer\Documents\Visual Studio 2010\Projects\ARMED Project\RIACC\RIACC\Business\bin\Debug\RIACC.Business.dll" />
      <DeploymentItem filename="C:\Users\acer\Documents\Visual Studio 2010\Projects\ARMED Project\RIACC\RIACC\Entity\bin\Debug\RIACC.Entity.dll" />
      <DeploymentItem filename="C:\Users\acer\Documents\Visual Studio 2010\Projects\ARMED Project\RIACC\RIACC\packages\EntityFramework.6.0.1\lib\net40\EntityFramework.dll" />
      <DeploymentItem filename="C:\Users\acer\Documents\Visual Studio 2010\Projects\ARMED Project\RIACC\RIACC\packages\EntityFramework.6.0.1\lib\net40\EntityFramework.SqlServer.dll" />
      <DeploymentItem filename="C:\Users\acer\Documents\Visual Studio 2010\Projects\ARMED Project\RIACC\RIACC\Data\bin\Debug\RIACC.Data.dll" />
    </Deployment>
    <Execution>
      <TestTypeSpecific>
        <UnitTestRunConfig testTypeId="13cdc9d9-ddb5-4fa4-a97d-d965ccfc6d4b">
          <AssemblyResolution>
            <TestDirectory useLoadContext="true" />
          </AssemblyResolution>
        </UnitTestRunConfig>
        <WebTestRunConfiguration testTypeId="4e7599fa-5ecb-43e9-a887-cd63cf72d207">
          <Browser name="Internet Explorer 7.0">
            <Headers>
              <Header name="User-Agent" value="Mozilla/4.0 (compatible; MSIE 7.0; Windows NT 5.1)" />
              <Header name="Accept" value="*/*" />
              <Header name="Accept-Language" value="{{$IEAcceptLanguage}}" />
              <Header name="Accept-Encoding" value="GZIP" />
            </Headers>
          </Browser>
        </WebTestRunConfiguration>
      </TestTypeSpecific>
      <AgentRule name="LocalMachineDefaultRole">
        <DataCollectors>
          <DataCollector uri="datacollector://microsoft/TestImpact/1.0" assemblyQualifiedName="Microsoft.VisualStudio.TraceCollector.TestImpactDataCollector, Microsoft.VisualStudio.TraceCollector, Version=10.0.0.0, Culture=neutral, PublicKeyToken=b03f5f7f11d50a3a" friendlyName="Test Impact">
          </DataCollector>
          <DataCollector uri="datacollector://microsoft/TraceDebugger/1.0" assemblyQualifiedName="Microsoft.VisualStudio.TraceCollector.TraceDebuggerDataCollector, Microsoft.VisualStudio.TraceCollector, Version=10.0.0.0, Culture=neutral, PublicKeyToken=b03f5f7f11d50a3a" friendlyName="IntelliTrace">
          </DataCollector>
        </DataCollectors>
      </AgentRule>
    </Execution>
  </TestSettings>
  <Times creation="2013-12-11T08:45:33.0584955+08:00" queuing="2013-12-11T08:45:33.2675075+08:00" start="2013-12-11T08:45:33.3985150+08:00" finish="2013-12-11T08:45:37.6757596+08:00" />
  <ResultSummary outcome="Error">
    <Counters total="1" executed="1" error="0" failed="1" timeout="0" aborted="0" inconclusive="0" passedButRunAborted="0" notRunnable="0" notExecuted="0" disconnected="0" warning="0" passed="0" completed="0" inProgress="0" pending="0" />
    <DataCollectorMessages>
      <DataCollectorMessage timestamp="2013-12-11T08:45:33.5005208+08:00" agentName="ACER-PC" level="Error">
        <Text>The diagnostic data adapter 'Microsoft.VisualStudio.TraceCollector.TestImpactDataCollector, Microsoft.VisualStudio.TraceCollector, Version=10.0.0.0, Culture=neutral, PublicKeyToken=b03f5f7f11d50a3a' on agent 'ACER-PC' threw an exception during type loading, construction, or initialization: System.IO.FileNotFoundException: Could not load file or assembly 'Microsoft.VisualStudio.TraceCollector, Version=10.0.0.0, Culture=neutral, PublicKeyToken=b03f5f7f11d50a3a' or one of its dependencies. The system cannot find the file specified.
File name: 'Microsoft.VisualStudio.TraceCollector, Version=10.0.0.0, Culture=neutral, PublicKeyToken=b03f5f7f11d50a3a'
   at System.RuntimeTypeHandle.GetTypeByName(String name, Boolean throwOnError, Boolean ignoreCase, Boolean reflectionOnly, StackCrawlMarkHandle stackMark, Boolean loadTypeFromPartialName, ObjectHandleOnStack type)
   at System.RuntimeTypeHandle.GetTypeByName(String name, Boolean throwOnError, Boolean ignoreCase, Boolean reflectionOnly, StackCrawlMark&amp; stackMark, Boolean loadTypeFromPartialName)
   at System.RuntimeType.GetType(String typeName, Boolean throwOnError, Boolean ignoreCase, Boolean reflectionOnly, StackCrawlMark&amp; stackMark)
   at System.Type.GetType(String typeName, Boolean throwOnError)
   at Microsoft.VisualStudio.TestTools.DataCollection.ExecutionPluginManager.GetCollectorType(String collectorTypeName, Exception&amp; loadException)

WRN: Assembly binding logging is turned OFF.
To enable assembly bind failure logging, set the registry value [HKLM\Software\Microsoft\Fusion!EnableLog] (DWORD) to 1.
Note: There is some performance penalty associated with assembly bind failure logging.
To turn this feature off, remove the registry value [HKLM\Software\Microsoft\Fusion!EnableLog].
.</Text>
      </DataCollectorMessage>
      <DataCollectorMessage timestamp="2013-12-11T08:45:33.5015209+08:00" agentName="ACER-PC" level="Error">
        <Text>The diagnostic data adapter 'Microsoft.VisualStudio.TraceCollector.TraceDebuggerDataCollector, Microsoft.VisualStudio.TraceCollector, Version=10.0.0.0, Culture=neutral, PublicKeyToken=b03f5f7f11d50a3a' on agent 'ACER-PC' threw an exception during type loading, construction, or initialization: System.IO.FileNotFoundException: Could not load file or assembly 'Microsoft.VisualStudio.TraceCollector, Version=10.0.0.0, Culture=neutral, PublicKeyToken=b03f5f7f11d50a3a' or one of its dependencies. The system cannot find the file specified.
File name: 'Microsoft.VisualStudio.TraceCollector, Version=10.0.0.0, Culture=neutral, PublicKeyToken=b03f5f7f11d50a3a'
   at System.RuntimeTypeHandle.GetTypeByName(String name, Boolean throwOnError, Boolean ignoreCase, Boolean reflectionOnly, StackCrawlMarkHandle stackMark, Boolean loadTypeFromPartialName, ObjectHandleOnStack type)
   at System.RuntimeTypeHandle.GetTypeByName(String name, Boolean throwOnError, Boolean ignoreCase, Boolean reflectionOnly, StackCrawlMark&amp; stackMark, Boolean loadTypeFromPartialName)
   at System.RuntimeType.GetType(String typeName, Boolean throwOnError, Boolean ignoreCase, Boolean reflectionOnly, StackCrawlMark&amp; stackMark)
   at System.Type.GetType(String typeName, Boolean throwOnError)
   at Microsoft.VisualStudio.TestTools.DataCollection.ExecutionPluginManager.GetCollectorType(String collectorTypeName, Exception&amp; loadException)

WRN: Assembly binding logging is turned OFF.
To enable assembly bind failure logging, set the registry value [HKLM\Software\Microsoft\Fusion!EnableLog] (DWORD) to 1.
Note: There is some performance penalty associated with assembly bind failure logging.
To turn this feature off, remove the registry value [HKLM\Software\Microsoft\Fusion!EnableLog].
.</Text>
      </DataCollectorMessage>
    </DataCollectorMessages>
  </ResultSummary>
  <TestDefinitions>
    <UnitTest name="InsertTest" storage="c:\users\acer\documents\visual studio 2010\projects\armed project\riacc\riacc\riacc_test\bin\debug\riacc_test.dll" id="4fb84b2d-a26d-0dd8-25aa-6a6d449d366d">
      <Execution id="aa36c2da-552e-4e65-b3fd-c85ad0ba168c" />
      <TestMethod codeBase="C:/Users/acer/Documents/Visual Studio 2010/Projects/ARMED Project/RIACC/RIACC/RIACC_Test/bin/Debug/RIACC_Test.DLL" adapterTypeName="Microsoft.VisualStudio.TestTools.TestTypes.Unit.UnitTestAdapter, Microsoft.VisualStudio.QualityTools.Tips.UnitTest.Adapter, Version=10.0.0.0, Culture=neutral, PublicKeyToken=b03f5f7f11d50a3a" className="RIACC_Test.DPComponentRepositoryTest, RIACC_Test, Version=1.0.0.0, Culture=neutral, PublicKeyToken=null" name="InsertTest" />
    </UnitTest>
  </TestDefinitions>
  <TestLists>
    <TestList name="Results Not in a List" id="8c84fa94-04c1-424b-9868-57a2d4851a1d" />
    <TestList name="All Loaded Results" id="19431567-8539-422a-85d7-44ee4e166bda" />
  </TestLists>
  <TestEntries>
    <TestEntry testId="4fb84b2d-a26d-0dd8-25aa-6a6d449d366d" executionId="aa36c2da-552e-4e65-b3fd-c85ad0ba168c" testListId="8c84fa94-04c1-424b-9868-57a2d4851a1d" />
  </TestEntries>
  <Results>
    <UnitTestResult executionId="aa36c2da-552e-4e65-b3fd-c85ad0ba168c" testId="4fb84b2d-a26d-0dd8-25aa-6a6d449d366d" testName="InsertTest" computerName="ACER-PC" duration="00:00:02.4746370" startTime="2013-12-11T08:45:33.5065211+08:00" endTime="2013-12-11T08:45:36.1466721+08:00" testType="13cdc9d9-ddb5-4fa4-a97d-d965ccfc6d4b" outcome="Failed" testListId="8c84fa94-04c1-424b-9868-57a2d4851a1d" relativeResultsDirectory="aa36c2da-552e-4e65-b3fd-c85ad0ba168c">
      <Output>
        <ErrorInfo>
          <Message>Assert.AreEqual failed. Expected:&lt;4&gt;. Actual:&lt;3&gt;. </Message>
          <StackTrace>   at RIACC_Test.DPComponentRepositoryTest.InsertTest() in C:\Users\acer\Documents\Visual Studio 2010\Projects\ARMED Project\RIACC\RIACC\RIACC_Test\DPComponentRepositoryTest.cs:line 129
</StackTrace>
        </ErrorInfo>
      </Output>
    </UnitTestResult>
  </Results>
</TestRun>