<?xml version="1.0" encoding="UTF-8"?>
<TestRun id="64bad306-1b42-464d-b967-4442d4bc0b9a" name="Marcus@MARCUS-PC 2013-12-01 21:30:24" runUser="Marcus-PC\Marcus" xmlns="http://microsoft.com/schemas/VisualStudio/TeamTest/2010">
  <TestSettings name="Local" id="baba0f7b-763e-42eb-bc0f-096feac42419">
    <Description>These are default test settings for a local test run.</Description>
    <Deployment runDeploymentRoot="Marcus_MARCUS-PC 2013-12-01 21_30_24">
      <DeploymentItem filename="D:\_Marcus\Files\Projects\R.I. Arcadio\RIACC\RIACC\Business\bin\Debug\RIACC.Business.dll" />
      <DeploymentItem filename="D:\_Marcus\Files\Projects\R.I. Arcadio\RIACC\RIACC\packages\EntityFramework.6.0.1\lib\net40\EntityFramework.SqlServer.dll" />
      <DeploymentItem filename="D:\_Marcus\Files\Projects\R.I. Arcadio\RIACC\RIACC\packages\EntityFramework.6.0.1\lib\net40\EntityFramework.dll" />
      <DeploymentItem filename="D:\_Marcus\Files\Projects\R.I. Arcadio\RIACC\RIACC\Data\bin\Debug\RIACC.Data.dll" />
      <DeploymentItem filename="D:\_Marcus\Files\Projects\R.I. Arcadio\RIACC\RIACC\Entity\bin\Debug\RIACC.Entity.dll" />
    </Deployment>
    <Execution>
      <TestTypeSpecific>
        <UnitTestRunConfig testTypeId="13cdc9d9-ddb5-4fa4-a97d-d965ccfc6d4b">
          <AssemblyResolution>
            <TestDirectory useLoadContext="true" />
          </AssemblyResolution>
        </UnitTestRunConfig>
        <WebTestRunConfiguration testTypeId="4e7599fa-5ecb-43e9-a887-cd63cf72d207">
          <Browser name="Internet Explorer 7.0">
            <Headers>
              <Header name="User-Agent" value="Mozilla/4.0 (compatible; MSIE 7.0; Windows NT 5.1)" />
              <Header name="Accept" value="*/*" />
              <Header name="Accept-Language" value="{{$IEAcceptLanguage}}" />
              <Header name="Accept-Encoding" value="GZIP" />
            </Headers>
          </Browser>
        </WebTestRunConfiguration>
      </TestTypeSpecific>
      <AgentRule name="LocalMachineDefaultRole">
        <DataCollectors>
          <DataCollector uri="datacollector://microsoft/TestImpact/1.0" assemblyQualifiedName="Microsoft.VisualStudio.TraceCollector.TestImpactDataCollector, Microsoft.VisualStudio.TraceCollector, Version=10.0.0.0, Culture=neutral, PublicKeyToken=b03f5f7f11d50a3a" friendlyName="Test Impact">
          </DataCollector>
          <DataCollector uri="datacollector://microsoft/CodeCoverage/1.0" assemblyQualifiedName="Microsoft.VisualStudio.TestTools.CodeCoverage.CoveragePlugIn, Microsoft.VisualStudio.QualityTools.Plugins.CodeCoverage, Version=10.0.0.0, Culture=neutral, PublicKeyToken=b03f5f7f11d50a3a" friendlyName="Code Coverage">
          </DataCollector>
          <DataCollector uri="datacollector://microsoft/TraceDebugger/1.0" assemblyQualifiedName="Microsoft.VisualStudio.TraceCollector.TraceDebuggerDataCollector, Microsoft.VisualStudio.TraceCollector, Version=10.0.0.0, Culture=neutral, PublicKeyToken=b03f5f7f11d50a3a" friendlyName="IntelliTrace">
          </DataCollector>
        </DataCollectors>
      </AgentRule>
    </Execution>
  </TestSettings>
  <Times creation="2013-12-01T21:30:24.8315476+08:00" queuing="2013-12-01T21:30:25.2445712+08:00" start="2013-12-01T21:30:28.5697614+08:00" finish="2013-12-01T21:30:36.2522008+08:00" />
  <ResultSummary outcome="Warning">
    <Counters total="1" executed="1" passed="1" error="0" failed="0" timeout="0" aborted="0" inconclusive="0" passedButRunAborted="0" notRunnable="0" notExecuted="0" disconnected="0" warning="0" completed="0" inProgress="0" pending="0" />
    <RunInfos>
      <RunInfo computerName="MARCUS-PC" outcome="Warning" timestamp="2013-12-01T21:30:25.0175582+08:00">
        <Text>Warning: Disabling deployment is ignored for the test run because code coverage is enabled in the active test settings.</Text>
      </RunInfo>
    </RunInfos>
  </ResultSummary>
  <TestDefinitions>
    <UnitTest name="canSaveTransactionTest" storage="d:\_marcus\files\projects\r.i. arcadio\riacc\riacc\riacc_test\bin\debug\riacc_test.dll" id="e48f5eb6-9859-64bb-638c-b04e8c9e064f">
      <Execution id="a7dc836c-6aa4-48fb-b21b-0b63898b79f5" />
      <TestMethod codeBase="D:/_Marcus/Files/Projects/R.I. Arcadio/RIACC/RIACC/RIACC_Test/bin/Debug/RIACC_Test.DLL" adapterTypeName="Microsoft.VisualStudio.TestTools.TestTypes.Unit.UnitTestAdapter, Microsoft.VisualStudio.QualityTools.Tips.UnitTest.Adapter, Version=10.0.0.0, Culture=neutral, PublicKeyToken=b03f5f7f11d50a3a" className="RIACC_Test.LocationRepository_Test, RIACC_Test, Version=1.0.0.0, Culture=neutral, PublicKeyToken=null" name="canSaveTransactionTest" />
    </UnitTest>
  </TestDefinitions>
  <TestLists>
    <TestList name="Results Not in a List" id="8c84fa94-04c1-424b-9868-57a2d4851a1d" />
    <TestList name="All Loaded Results" id="19431567-8539-422a-85d7-44ee4e166bda" />
  </TestLists>
  <TestEntries>
    <TestEntry testId="e48f5eb6-9859-64bb-638c-b04e8c9e064f" executionId="a7dc836c-6aa4-48fb-b21b-0b63898b79f5" testListId="8c84fa94-04c1-424b-9868-57a2d4851a1d" />
  </TestEntries>
  <Results>
    <UnitTestResult executionId="a7dc836c-6aa4-48fb-b21b-0b63898b79f5" testId="e48f5eb6-9859-64bb-638c-b04e8c9e064f" testName="canSaveTransactionTest" computerName="MARCUS-PC" duration="00:00:03.7478796" startTime="2013-12-01T21:30:28.8487774+08:00" endTime="2013-12-01T21:30:33.7290565+08:00" testType="13cdc9d9-ddb5-4fa4-a97d-d965ccfc6d4b" outcome="Passed" testListId="8c84fa94-04c1-424b-9868-57a2d4851a1d" relativeResultsDirectory="a7dc836c-6aa4-48fb-b21b-0b63898b79f5">
      <CollectorDataEntries>
        <Collector agentName="MARCUS-PC" uri="datacollector://microsoft/TestImpact/1.0" collectorDisplayName="Test Impact">
          <UriAttachments>
            <UriAttachment>
              <A href="MARCUS-PC\testimpact.xml">Test Impact Data</A>
            </UriAttachment>
          </UriAttachments>
        </Collector>
      </CollectorDataEntries>
    </UnitTestResult>
  </Results>
</TestRun>