<?xml version="1.0" encoding="UTF-8"?>
<TestRun id="e04e0f01-e11e-457d-86f4-73432997fe0b" name="Marcus@MARCUS-PC 2013-12-03 13:42:35" runUser="Marcus-PC\Marcus" xmlns="http://microsoft.com/schemas/VisualStudio/TeamTest/2010">
  <TestSettings name="Local" id="baba0f7b-763e-42eb-bc0f-096feac42419">
    <Description>These are default test settings for a local test run.</Description>
    <Deployment enabled="false" runDeploymentRoot="Marcus_MARCUS-PC 2013-12-03 13_42_35">
      <DeploymentItem filename="D:\_Marcus\Files\Projects\RIACC\RIACC\packages\EntityFramework.6.0.1\lib\net40\EntityFramework.SqlServer.dll" />
      <DeploymentItem filename="D:\_Marcus\Files\Projects\RIACC\RIACC\Entity\bin\Debug\RIACC.Entity.dll" />
      <DeploymentItem filename="D:\_Marcus\Files\Projects\RIACC\RIACC\packages\EntityFramework.6.0.1\lib\net40\EntityFramework.dll" />
      <DeploymentItem filename="D:\_Marcus\Files\Projects\RIACC\RIACC\Data\bin\Debug\RIACC.Data.dll" />
      <DeploymentItem filename="D:\_Marcus\Files\Projects\RIACC\RIACC\Business\bin\Debug\RIACC.Business.dll" />
    </Deployment>
    <Execution>
      <TestTypeSpecific>
        <UnitTestRunConfig testTypeId="13cdc9d9-ddb5-4fa4-a97d-d965ccfc6d4b">
          <AssemblyResolution>
            <TestDirectory useLoadContext="true" />
          </AssemblyResolution>
        </UnitTestRunConfig>
        <WebTestRunConfiguration testTypeId="4e7599fa-5ecb-43e9-a887-cd63cf72d207">
          <Browser name="Internet Explorer 7.0">
            <Headers>
              <Header name="User-Agent" value="Mozilla/4.0 (compatible; MSIE 7.0; Windows NT 5.1)" />
              <Header name="Accept" value="*/*" />
              <Header name="Accept-Language" value="{{$IEAcceptLanguage}}" />
              <Header name="Accept-Encoding" value="GZIP" />
            </Headers>
          </Browser>
        </WebTestRunConfiguration>
      </TestTypeSpecific>
      <AgentRule name="LocalMachineDefaultRole">
        <DataCollectors>
          <DataCollector uri="datacollector://microsoft/TestImpact/1.0" assemblyQualifiedName="Microsoft.VisualStudio.TraceCollector.TestImpactDataCollector, Microsoft.VisualStudio.TraceCollector, Version=10.0.0.0, Culture=neutral, PublicKeyToken=b03f5f7f11d50a3a" friendlyName="Test Impact">
          </DataCollector>
          <DataCollector uri="datacollector://microsoft/TraceDebugger/1.0" assemblyQualifiedName="Microsoft.VisualStudio.TraceCollector.TraceDebuggerDataCollector, Microsoft.VisualStudio.TraceCollector, Version=10.0.0.0, Culture=neutral, PublicKeyToken=b03f5f7f11d50a3a" friendlyName="IntelliTrace">
          </DataCollector>
        </DataCollectors>
      </AgentRule>
    </Execution>
  </TestSettings>
  <Times creation="2013-12-03T13:42:35.9190114+08:00" queuing="2013-12-03T13:42:40.6902843+08:00" start="2013-12-03T13:42:51.9529284+08:00" finish="2013-12-03T13:44:00.8118669+08:00" />
  <ResultSummary outcome="Failed">
    <Counters total="1" executed="1" error="0" failed="1" timeout="0" aborted="0" inconclusive="0" passedButRunAborted="0" notRunnable="0" notExecuted="0" disconnected="0" warning="0" passed="0" completed="0" inProgress="0" pending="0" />
  </ResultSummary>
  <TestDefinitions>
    <UnitTest name="canUpdateTransactionTest" storage="d:\_marcus\files\projects\riacc\riacc\riacc_test\bin\debug\riacc_test.dll" id="efb3470f-b254-15cf-9847-ef12f4e15487">
      <Execution id="7df4a18c-c686-4e38-8c5a-d5bb2324c86f" />
      <TestMethod codeBase="D:/_Marcus/Files/Projects/RIACC/RIACC/RIACC_Test/bin/Debug/RIACC_Test.DLL" adapterTypeName="Microsoft.VisualStudio.TestTools.TestTypes.Unit.UnitTestAdapter, Microsoft.VisualStudio.QualityTools.Tips.UnitTest.Adapter, Version=10.0.0.0, Culture=neutral, PublicKeyToken=b03f5f7f11d50a3a" className="RIACC_Test.DealerRepositoryTest, RIACC_Test, Version=1.0.0.0, Culture=neutral, PublicKeyToken=null" name="canUpdateTransactionTest" />
    </UnitTest>
  </TestDefinitions>
  <TestLists>
    <TestList name="Results Not in a List" id="8c84fa94-04c1-424b-9868-57a2d4851a1d" />
    <TestList name="All Loaded Results" id="19431567-8539-422a-85d7-44ee4e166bda" />
  </TestLists>
  <TestEntries>
    <TestEntry testId="efb3470f-b254-15cf-9847-ef12f4e15487" executionId="7df4a18c-c686-4e38-8c5a-d5bb2324c86f" testListId="8c84fa94-04c1-424b-9868-57a2d4851a1d" />
  </TestEntries>
  <Results>
    <UnitTestResult executionId="7df4a18c-c686-4e38-8c5a-d5bb2324c86f" testId="efb3470f-b254-15cf-9847-ef12f4e15487" testName="canUpdateTransactionTest" computerName="MARCUS-PC" duration="00:00:55.2142581" startTime="2013-12-03T13:42:52.6979711+08:00" endTime="2013-12-03T13:43:52.7624065+08:00" testType="13cdc9d9-ddb5-4fa4-a97d-d965ccfc6d4b" outcome="Failed" testListId="8c84fa94-04c1-424b-9868-57a2d4851a1d" relativeResultsDirectory="7df4a18c-c686-4e38-8c5a-d5bb2324c86f">
      <Output>
        <ErrorInfo>
          <Message>Test method RIACC_Test.DealerRepositoryTest.canUpdateTransactionTest threw exception: 
System.NullReferenceException: Object reference not set to an instance of an object.</Message>
          <StackTrace>    at RIACC.Business.DealerRepository.UpdateTransaction(Dealer dealer, IList`1 locationList) in D:\_Marcus\Files\Projects\RIACC\RIACC\Business\DealerRepository.cs:line 103
   at RIACC_Test.DealerRepositoryTest.canUpdateTransactionTest() in D:\_Marcus\Files\Projects\RIACC\RIACC\RIACC_Test\DealerRepositoryTest.cs:line 178
</StackTrace>
        </ErrorInfo>
      </Output>
      <DataCollectorMessages>
        <DataCollectorMessage timestamp="2013-12-03T13:43:52.7304047+08:00" dataCollectorUri="datacollector://microsoft/TestImpact/1.0" dataCollectorFriendlyName="Test Impact" agentName="MARCUS-PC" level="Warning">
          <Text>No Microsoft .NET applications were launched during the test run. Launch applications from Explorer or a new command prompt after a test case has started. If no .NET application is being tested, disable the Test Impact and IntelliTrace diagnostic data adapters.</Text>
        </DataCollectorMessage>
      </DataCollectorMessages>
    </UnitTestResult>
  </Results>
</TestRun>