<?xml version="1.0" encoding="UTF-8"?>
<TestRun id="9a47e954-df69-4f5f-92cd-1c567f15d263" name="Marcus@MARCUS-PC 2013-12-02 16:27:58" runUser="Marcus-PC\Marcus" xmlns="http://microsoft.com/schemas/VisualStudio/TeamTest/2010">
  <TestSettings name="Local" id="baba0f7b-763e-42eb-bc0f-096feac42419">
    <Description>These are default test settings for a local test run.</Description>
    <Deployment runDeploymentRoot="Marcus_MARCUS-PC 2013-12-02 16_27_58">
      <DeploymentItem filename="D:\_Marcus\Files\Projects\R.I. Arcadio\RIACC\RIACC\Business\bin\Debug\RIACC.Business.dll" />
      <DeploymentItem filename="D:\_Marcus\Files\Projects\R.I. Arcadio\RIACC\RIACC\packages\EntityFramework.6.0.1\lib\net40\EntityFramework.SqlServer.dll" />
      <DeploymentItem filename="D:\_Marcus\Files\Projects\R.I. Arcadio\RIACC\RIACC\packages\EntityFramework.6.0.1\lib\net40\EntityFramework.dll" />
      <DeploymentItem filename="D:\_Marcus\Files\Projects\R.I. Arcadio\RIACC\RIACC\Data\bin\Debug\RIACC.Data.dll" />
      <DeploymentItem filename="D:\_Marcus\Files\Projects\R.I. Arcadio\RIACC\RIACC\Entity\bin\Debug\RIACC.Entity.dll" />
    </Deployment>
    <Execution>
      <TestTypeSpecific>
        <UnitTestRunConfig testTypeId="13cdc9d9-ddb5-4fa4-a97d-d965ccfc6d4b">
          <AssemblyResolution>
            <TestDirectory useLoadContext="true" />
          </AssemblyResolution>
        </UnitTestRunConfig>
        <WebTestRunConfiguration testTypeId="4e7599fa-5ecb-43e9-a887-cd63cf72d207">
          <Browser name="Internet Explorer 7.0">
            <Headers>
              <Header name="User-Agent" value="Mozilla/4.0 (compatible; MSIE 7.0; Windows NT 5.1)" />
              <Header name="Accept" value="*/*" />
              <Header name="Accept-Language" value="{{$IEAcceptLanguage}}" />
              <Header name="Accept-Encoding" value="GZIP" />
            </Headers>
          </Browser>
        </WebTestRunConfiguration>
      </TestTypeSpecific>
      <AgentRule name="LocalMachineDefaultRole">
        <DataCollectors>
          <DataCollector uri="datacollector://microsoft/TestImpact/1.0" assemblyQualifiedName="Microsoft.VisualStudio.TraceCollector.TestImpactDataCollector, Microsoft.VisualStudio.TraceCollector, Version=10.0.0.0, Culture=neutral, PublicKeyToken=b03f5f7f11d50a3a" friendlyName="Test Impact">
          </DataCollector>
          <DataCollector uri="datacollector://microsoft/CodeCoverage/1.0" assemblyQualifiedName="Microsoft.VisualStudio.TestTools.CodeCoverage.CoveragePlugIn, Microsoft.VisualStudio.QualityTools.Plugins.CodeCoverage, Version=10.0.0.0, Culture=neutral, PublicKeyToken=b03f5f7f11d50a3a" friendlyName="Code Coverage">
          </DataCollector>
          <DataCollector uri="datacollector://microsoft/TraceDebugger/1.0" assemblyQualifiedName="Microsoft.VisualStudio.TraceCollector.TraceDebuggerDataCollector, Microsoft.VisualStudio.TraceCollector, Version=10.0.0.0, Culture=neutral, PublicKeyToken=b03f5f7f11d50a3a" friendlyName="IntelliTrace">
          </DataCollector>
        </DataCollectors>
      </AgentRule>
    </Execution>
  </TestSettings>
  <Times creation="2013-12-02T16:27:58.5701441+08:00" queuing="2013-12-02T16:27:59.0901738+08:00" start="2013-12-02T16:28:02.6233759+08:00" finish="2013-12-02T16:28:11.0468577+08:00" />
  <ResultSummary outcome="Warning">
    <Counters total="2" executed="2" passed="2" error="0" failed="0" timeout="0" aborted="0" inconclusive="0" passedButRunAborted="0" notRunnable="0" notExecuted="0" disconnected="0" warning="0" completed="0" inProgress="0" pending="0" />
    <RunInfos>
      <RunInfo computerName="MARCUS-PC" outcome="Warning" timestamp="2013-12-02T16:27:58.8441597+08:00">
        <Text>Warning: Disabling deployment is ignored for the test run because code coverage is enabled in the active test settings.</Text>
      </RunInfo>
    </RunInfos>
  </ResultSummary>
  <TestDefinitions>
    <UnitTest name="canGetLocationTest" storage="d:\_marcus\files\projects\r.i. arcadio\riacc\riacc\riacc_test\bin\debug\riacc_test.dll" id="36b374fe-0a8c-00b7-4cea-2ce901c2cb3d">
      <Execution id="0bae05aa-8a57-403f-bc19-5f1a6393c383" />
      <TestMethod codeBase="D:/_Marcus/Files/Projects/R.I. Arcadio/RIACC/RIACC/RIACC_Test/bin/Debug/RIACC_Test.DLL" adapterTypeName="Microsoft.VisualStudio.TestTools.TestTypes.Unit.UnitTestAdapter, Microsoft.VisualStudio.QualityTools.Tips.UnitTest.Adapter, Version=10.0.0.0, Culture=neutral, PublicKeyToken=b03f5f7f11d50a3a" className="RIACC_Test.LocationRepositoryTest, RIACC_Test, Version=1.0.0.0, Culture=neutral, PublicKeyToken=null" name="canGetLocationTest" />
    </UnitTest>
    <UnitTest name="canGetLocationListTest" storage="d:\_marcus\files\projects\r.i. arcadio\riacc\riacc\riacc_test\bin\debug\riacc_test.dll" id="601e88c2-0c3a-b0c9-a2b1-6fb6d167d471">
      <Execution id="6b58ca14-b888-471d-bdcd-dd19fdab934d" />
      <TestMethod codeBase="D:/_Marcus/Files/Projects/R.I. Arcadio/RIACC/RIACC/RIACC_Test/bin/Debug/RIACC_Test.DLL" adapterTypeName="Microsoft.VisualStudio.TestTools.TestTypes.Unit.UnitTestAdapter, Microsoft.VisualStudio.QualityTools.Tips.UnitTest.Adapter, Version=10.0.0.0, Culture=neutral, PublicKeyToken=b03f5f7f11d50a3a" className="RIACC_Test.LocationRepositoryTest, RIACC_Test, Version=1.0.0.0, Culture=neutral, PublicKeyToken=null" name="canGetLocationListTest" />
    </UnitTest>
  </TestDefinitions>
  <TestLists>
    <TestList name="Results Not in a List" id="8c84fa94-04c1-424b-9868-57a2d4851a1d" />
    <TestList name="All Loaded Results" id="19431567-8539-422a-85d7-44ee4e166bda" />
  </TestLists>
  <TestEntries>
    <TestEntry testId="36b374fe-0a8c-00b7-4cea-2ce901c2cb3d" executionId="0bae05aa-8a57-403f-bc19-5f1a6393c383" testListId="8c84fa94-04c1-424b-9868-57a2d4851a1d" />
    <TestEntry testId="601e88c2-0c3a-b0c9-a2b1-6fb6d167d471" executionId="6b58ca14-b888-471d-bdcd-dd19fdab934d" testListId="8c84fa94-04c1-424b-9868-57a2d4851a1d" />
  </TestEntries>
  <Results>
    <UnitTestResult executionId="0bae05aa-8a57-403f-bc19-5f1a6393c383" testId="36b374fe-0a8c-00b7-4cea-2ce901c2cb3d" testName="canGetLocationTest" computerName="MARCUS-PC" duration="00:00:04.3322936" startTime="2013-12-02T16:28:02.9103923+08:00" endTime="2013-12-02T16:28:08.3427030+08:00" testType="13cdc9d9-ddb5-4fa4-a97d-d965ccfc6d4b" outcome="Passed" testListId="8c84fa94-04c1-424b-9868-57a2d4851a1d" relativeResultsDirectory="0bae05aa-8a57-403f-bc19-5f1a6393c383">
      <CollectorDataEntries>
        <Collector agentName="MARCUS-PC" uri="datacollector://microsoft/TestImpact/1.0" collectorDisplayName="Test Impact">
          <UriAttachments>
            <UriAttachment>
              <A href="MARCUS-PC\testimpact.xml">Test Impact Data</A>
            </UriAttachment>
          </UriAttachments>
        </Collector>
      </CollectorDataEntries>
    </UnitTestResult>
    <UnitTestResult executionId="6b58ca14-b888-471d-bdcd-dd19fdab934d" testId="601e88c2-0c3a-b0c9-a2b1-6fb6d167d471" testName="canGetLocationListTest" computerName="MARCUS-PC" duration="00:00:00.0113256" startTime="2013-12-02T16:28:08.3467033+08:00" endTime="2013-12-02T16:28:08.3817053+08:00" testType="13cdc9d9-ddb5-4fa4-a97d-d965ccfc6d4b" outcome="Passed" testListId="8c84fa94-04c1-424b-9868-57a2d4851a1d" relativeResultsDirectory="6b58ca14-b888-471d-bdcd-dd19fdab934d">
      <CollectorDataEntries>
        <Collector agentName="MARCUS-PC" uri="datacollector://microsoft/TestImpact/1.0" collectorDisplayName="Test Impact">
          <UriAttachments>
            <UriAttachment>
              <A href="MARCUS-PC\testimpact.xml">Test Impact Data</A>
            </UriAttachment>
          </UriAttachments>
        </Collector>
      </CollectorDataEntries>
    </UnitTestResult>
  </Results>
</TestRun>